Log file open, 02/20/19 21:29:48
LogWindows: Failed to load 'aqProf.dll' (GetLastError=126)
LogWindows: File 'aqProf.dll' does not exist
LogWindows: Failed to load 'VtuneApi.dll' (GetLastError=126)
LogWindows: File 'VtuneApi.dll' does not exist
LogWindows: Failed to load 'VtuneApi32e.dll' (GetLastError=126)
LogWindows: File 'VtuneApi32e.dll' does not exist
LogConsoleResponse: Display: Failed to find resolution value strings in scalability ini. Falling back to default.
LogInit: Display: Running engine for game: paper_airplane_proj
LogPakFile: Registered encryption key '00000000000000000000000000000000': 0 pak files mounted, 0 remain pending
LogPlatformFile: Not using cached read wrapper
LogTaskGraph: Started task graph with 5 named threads and 23 total threads with 3 sets of task threads.
LogStats: Stats thread started at 0.298086
LogD3D11RHI: Loaded GFSDK_Aftermath_Lib.x64.dll
LogICUInternationalization: ICU TimeZone Detection - Raw Offset: -6:00, Platform Override: ''
LogPluginManager: Mounting plugin Paper2D
LogPluginManager: Mounting plugin AISupport
LogPluginManager: Mounting plugin LightPropagationVolume
LogPluginManager: Mounting plugin ActorLayerUtilities
LogPluginManager: Mounting plugin CLionSourceCodeAccess
LogPluginManager: Mounting plugin CodeLiteSourceCodeAccess
LogPluginManager: Mounting plugin GitSourceControl
LogPluginManager: Mounting plugin KDevelopSourceCodeAccess
LogPluginManager: Mounting plugin NullSourceCodeAccess
LogPluginManager: Mounting plugin PerforceSourceControl
LogPluginManager: Mounting plugin SubversionSourceControl
LogPluginManager: Mounting plugin UObjectPlugin
LogPluginManager: Mounting plugin VisualStudioCodeSourceCodeAccess
LogPluginManager: Mounting plugin VisualStudioSourceCodeAccess
LogPluginManager: Mounting plugin XCodeSourceCodeAccess
LogPluginManager: Mounting plugin AssetManagerEditor
LogPluginManager: Mounting plugin CryptoKeys
LogPluginManager: Mounting plugin DataValidation
LogPluginManager: Mounting plugin FacialAnimation
LogPluginManager: Mounting plugin GameplayTagsEditor
LogPluginManager: Mounting plugin MacGraphicsSwitching
LogPluginManager: Mounting plugin MeshEditor
LogPluginManager: Mounting plugin MobileLauncherProfileWizard
LogPluginManager: Mounting plugin PluginBrowser
LogPluginManager: Mounting plugin SpeedTreeImporter
LogPluginManager: Mounting plugin DatasmithContent
LogPluginManager: Mounting plugin VariantManagerContent
LogPluginManager: Mounting plugin AlembicImporter
LogPluginManager: Mounting plugin AppleImageUtils
LogPluginManager: Mounting plugin AppleVision
LogPluginManager: Mounting plugin BackChannel
LogPluginManager: Mounting plugin CharacterAI
LogPluginManager: Mounting plugin GeometryCache
LogPluginManager: Mounting plugin HTML5Networking
LogPluginManager: Mounting plugin ProxyLODPlugin
LogPluginManager: Mounting plugin MagicLeap
LogPluginManager: Mounting plugin MagicLeapMedia
LogPluginManager: Mounting plugin AndroidMedia
LogPluginManager: Mounting plugin AvfMedia
LogPluginManager: Mounting plugin ImgMedia
LogPluginManager: Mounting plugin LinearTimecode
LogPluginManager: Mounting plugin MediaCompositing
LogPluginManager: Mounting plugin MediaPlayerEditor
LogPluginManager: Mounting plugin WebMMedia
LogPluginManager: Mounting plugin WmfMedia
LogPluginManager: Mounting plugin TcpMessaging
LogPluginManager: Mounting plugin UdpMessaging
LogPluginManager: Mounting plugin ActorSequence
LogPluginManager: Mounting plugin LevelSequenceEditor
LogPluginManager: Mounting plugin MatineeToLevelSequence
LogPluginManager: Mounting plugin NetcodeUnitTest
LogPluginManager: Mounting plugin NUTUnrealEngine4
LogPluginManager: Mounting plugin OnlineSubsystemGooglePlay
LogPluginManager: Mounting plugin OnlineSubsystemIOS
LogPluginManager: Mounting plugin OnlineSubsystem
LogPluginManager: Mounting plugin OnlineSubsystemNull
LogPluginManager: Mounting plugin OnlineSubsystemUtils
LogPluginManager: Mounting plugin LauncherChunkInstaller
LogPluginManager: Mounting plugin AndroidDeviceProfileSelector
LogPluginManager: Mounting plugin AndroidMoviePlayer
LogPluginManager: Mounting plugin AndroidPermission
LogPluginManager: Mounting plugin AppleMoviePlayer
LogPluginManager: Mounting plugin ArchVisCharacter
LogPluginManager: Mounting plugin AudioCapture
LogPluginManager: Mounting plugin CableComponent
LogPluginManager: Mounting plugin CustomMeshComponent
LogPluginManager: Mounting plugin EditableMesh
LogPluginManager: Mounting plugin ExampleDeviceProfileSelector
LogPluginManager: Mounting plugin Firebase
LogPluginManager: Mounting plugin GoogleCloudMessaging
LogPluginManager: Mounting plugin IOSDeviceProfileSelector
LogPluginManager: Mounting plugin LinuxDeviceProfileSelector
LogPluginManager: Mounting plugin LocationServicesBPLibrary
LogPluginManager: Mounting plugin MobilePatchingUtils
LogPluginManager: Mounting plugin OculusVR
LogPluginManager: Mounting plugin PhysXVehicles
LogPluginManager: Mounting plugin ProceduralMeshComponent
LogPluginManager: Mounting plugin RuntimePhysXCooking
LogPluginManager: Mounting plugin SteamVR
LogPluginManager: Mounting plugin WebMMoviePlayer
LogPluginManager: Mounting plugin WindowsMoviePlayer
LogStreaming: Display: Took  0.125s to configure plugins.
LogInit: Using libcurl 7.55.1-DEV
LogInit:  - built for x86_64-pc-win32
LogInit:  - supports SSL with OpenSSL/1.0.2h
LogInit:  - supports HTTP deflate (compression) using libz 1.2.8
LogInit:  - other features:
LogInit:      CURL_VERSION_SSL
LogInit:      CURL_VERSION_LIBZ
LogInit:      CURL_VERSION_IPV6
LogInit:      CURL_VERSION_ASYNCHDNS
LogInit:      CURL_VERSION_LARGEFILE
LogInit:      CURL_VERSION_IDN
LogInit:  CurlRequestOptions (configurable via config and command line):
LogInit:  - bVerifyPeer = true  - Libcurl will verify peer certificate
LogInit:  - bUseHttpProxy = false  - Libcurl will NOT use HTTP proxy
LogInit:  - bDontReuseConnections = false  - Libcurl will reuse connections
LogInit:  - MaxHostConnections = 16  - Libcurl will limit the number of connections to a host
LogInit:  - LocalHostAddr = Default
LogInit:  - BufferSize = 65536
LogInit: WinSock: version 1.1 (2.2), MaxSocks=32767, MaxUdp=65467
LogInit: Build: ++UE4+Release-4.21-CL-4753647
LogInit: Engine Version: 4.21.2-4753647+++UE4+Release-4.21
LogInit: Compatible Engine Version: 4.21.0-4541578+++UE4+Release-4.21
LogInit: Net CL: 4541578
LogInit: OS: Windows 10 (), CPU:         Intel(R) Core(TM) i7-3770 CPU @ 3.40GHz, GPU: Intel(R) HD Graphics 4000
LogInit: Compiled (64-bit): Jan 19 2019 02:07:31
LogInit: Compiled with Visual C++: 19.13.26129.00
LogInit: Build Configuration: Development
LogInit: Branch Name: ++UE4+Release-4.21
LogInit: Command Line: 
LogInit: Base Directory: D:/Program Files/Epic Games/UE_4.21/Engine/Binaries/Win64/
LogInit: Installed Engine Build: 1
LogDevObjectVersion: Number of dev versions registered: 22
LogDevObjectVersion:   Dev-Blueprints (B0D832E4-1F89-4F0D-ACCF-7EB736FD4AA2): 10
LogDevObjectVersion:   Dev-Build (E1C64328-A22C-4D53-A36C-8E866417BD8C): 0
LogDevObjectVersion:   Dev-Core (375EC13C-06E4-48FB-B500-84F0262A717E): 2
LogDevObjectVersion:   Dev-Editor (E4B068ED-F494-42E9-A231-DA0B2E46BB41): 26
LogDevObjectVersion:   Dev-Framework (CFFC743F-43B0-4480-9391-14DF171D2073): 34
LogDevObjectVersion:   Dev-Mobile (B02B49B5-BB20-44E9-A304-32B752E40360): 2
LogDevObjectVersion:   Dev-Networking (A4E4105C-59A1-49B5-A7C5-40C4547EDFEE): 0
LogDevObjectVersion:   Dev-Online (39C831C9-5AE6-47DC-9A44-9C173E1C8E7C): 0
LogDevObjectVersion:   Dev-Physics (78F01B33-EBEA-4F98-B9B4-84EACCB95AA2): 0
LogDevObjectVersion:   Dev-Platform (6631380F-2D4D-43E0-8009-CF276956A95A): 0
LogDevObjectVersion:   Dev-Rendering (12F88B9F-8875-4AFC-A67C-D90C383ABD29): 27
LogDevObjectVersion:   Dev-Sequencer (7B5AE74C-D270-4C10-A958-57980B212A5A): 9
LogDevObjectVersion:   Dev-VR (D7296918-1DD6-4BDD-9DE2-64A83CC13884): 2
LogDevObjectVersion:   Dev-LoadTimes (C2A15278-BFE7-4AFE-6C17-90FF531DF755): 1
LogDevObjectVersion:   Private-Geometry (6EACA3D4-40EC-4CC1-B786-8BED09428FC5): 3
LogDevObjectVersion:   Dev-AnimPhys (29E575DD-E0A3-4627-9D10-D276232CDCEA): 17
LogDevObjectVersion:   Dev-Anim (AF43A65D-7FD3-4947-9873-3E8ED9C1BB05): 2
LogDevObjectVersion:   Dev-ReflectionCapture (6B266CEC-1EC7-4B8F-A30B-E4D90942FC07): 1
LogDevObjectVersion:   Dev-Automation (0DF73D61-A23F-47EA-B727-89E90C41499A): 1
LogDevObjectVersion:   FortniteMain (601D1886-AC64-4F84-AA16-D3DE0DEAC7D6): 17
LogDevObjectVersion:   Dev-Enterprise (9DFFBCD6-494F-0158-E221-12823C92A888): 4
LogDevObjectVersion:   Dev-Niagara (F2AED0AC-9AFE-416F-8664-AA7FFA26D6FC): 1
LogStreaming: Display: Took  0.000s to delete old logs.
LogInit: Presizing for max 8388607 objects, including 0 objects not considered by GC, pre-allocating 0 bytes for permanent pool.
LogInit: Object subsystem initialized
LogConfig: Setting CVar [[con.DebugEarlyDefault:1]]
LogConfig: Setting CVar [[r.setres:1280x720]]
[2019.02.21-03.29.49:068][  0]LogConfig: Setting CVar [[r.VSync:0]]
[2019.02.21-03.29.49:068][  0]LogConfig: Setting CVar [[r.RHICmdBypass:0]]
[2019.02.21-03.29.49:068][  0]LogConfig: Applying CVar settings from Section [/Script/Engine.RendererSettings] File [D:/paper_airplane/paper_airplane_proj/Saved/Config/Windows/Engine.ini]
[2019.02.21-03.29.49:068][  0]LogConfig: Setting CVar [[r.GPUCrashDebugging:0]]
[2019.02.21-03.29.49:068][  0]LogConfig: Applying CVar settings from Section [/Script/Engine.RendererOverrideSettings] File [D:/paper_airplane/paper_airplane_proj/Saved/Config/Windows/Engine.ini]
[2019.02.21-03.29.49:068][  0]LogConfig: Applying CVar settings from Section [/Script/Engine.StreamingSettings] File [D:/paper_airplane/paper_airplane_proj/Saved/Config/Windows/Engine.ini]
[2019.02.21-03.29.49:068][  0]LogConfig: Setting CVar [[s.MinBulkDataSizeForAsyncLoading:131072]]
[2019.02.21-03.29.49:068][  0]LogConfig: Setting CVar [[s.AsyncLoadingThreadEnabled:0]]
[2019.02.21-03.29.49:068][  0]LogConfig: Setting CVar [[s.EventDrivenLoaderEnabled:1]]
[2019.02.21-03.29.49:068][  0]LogConfig: Setting CVar [[s.WarnIfTimeLimitExceeded:0]]
[2019.02.21-03.29.49:068][  0]LogConfig: Setting CVar [[s.TimeLimitExceededMultiplier:1.5]]
[2019.02.21-03.29.49:068][  0]LogConfig: Setting CVar [[s.TimeLimitExceededMinTime:0.005]]
[2019.02.21-03.29.49:068][  0]LogConfig: Setting CVar [[s.UseBackgroundLevelStreaming:1]]
[2019.02.21-03.29.49:068][  0]LogConfig: Setting CVar [[s.PriorityAsyncLoadingExtraTime:15.0]]
[2019.02.21-03.29.49:068][  0]LogConfig: Setting CVar [[s.LevelStreamingActorsUpdateTimeLimit:5.0]]
[2019.02.21-03.29.49:068][  0]LogConfig: Setting CVar [[s.PriorityLevelStreamingActorsUpdateExtraTime:5.0]]
[2019.02.21-03.29.49:068][  0]LogConfig: Setting CVar [[s.LevelStreamingComponentsRegistrationGranularity:10]]
[2019.02.21-03.29.49:068][  0]LogConfig: Setting CVar [[s.UnregisterComponentsTimeLimit:1.0]]
[2019.02.21-03.29.49:068][  0]LogConfig: Setting CVar [[s.LevelStreamingComponentsUnregistrationGranularity:5]]
[2019.02.21-03.29.49:068][  0]LogConfig: Applying CVar settings from Section [/Script/Engine.GarbageCollectionSettings] File [D:/paper_airplane/paper_airplane_proj/Saved/Config/Windows/Engine.ini]
[2019.02.21-03.29.49:069][  0]LogConfig: Setting CVar [[gc.MaxObjectsNotConsideredByGC:1]]
[2019.02.21-03.29.49:069][  0]LogConfig: Setting CVar [[gc.SizeOfPermanentObjectPool:0]]
[2019.02.21-03.29.49:069][  0]LogConfig: Setting CVar [[gc.FlushStreamingOnGC:0]]
[2019.02.21-03.29.49:069][  0]LogConfig: Setting CVar [[gc.NumRetriesBeforeForcingGC:10]]
[2019.02.21-03.29.49:069][  0]LogConfig: Setting CVar [[gc.AllowParallelGC:1]]
[2019.02.21-03.29.49:069][  0]LogConfig: Setting CVar [[gc.TimeBetweenPurgingPendingKillObjects:61.1]]
[2019.02.21-03.29.49:069][  0]LogConfig: Setting CVar [[gc.MaxObjectsInEditor:8388607]]
[2019.02.21-03.29.49:069][  0]LogConfig: Setting CVar [[gc.IncrementalBeginDestroyEnabled:1]]
[2019.02.21-03.29.49:069][  0]LogConfig: Setting CVar [[gc.CreateGCClusters:1]]
[2019.02.21-03.29.49:069][  0]LogConfig: Setting CVar [[gc.MergeGCClusters:0]]
[2019.02.21-03.29.49:069][  0]LogConfig: Setting CVar [[gc.MinGCClusterSize:5]]
[2019.02.21-03.29.49:069][  0]LogConfig: Setting CVar [[gc.ActorClusteringEnabled:0]]
[2019.02.21-03.29.49:069][  0]LogConfig: Setting CVar [[gc.BlueprintClusteringEnabled:0]]
[2019.02.21-03.29.49:069][  0]LogConfig: Setting CVar [[gc.UseDisregardForGCOnDedicatedServers:0]]
[2019.02.21-03.29.49:069][  0]LogConfig: Applying CVar settings from Section [/Script/Engine.NetworkSettings] File [D:/paper_airplane/paper_airplane_proj/Saved/Config/Windows/Engine.ini]
[2019.02.21-03.29.49:069][  0]LogConfig: Applying CVar settings from Section [/Script/UnrealEd.CookerSettings] File [D:/paper_airplane/paper_airplane_proj/Saved/Config/Windows/Engine.ini]
[2019.02.21-03.29.49:075][  0]LogConfig: Applying CVar settings from Section [ViewDistanceQuality@3] File [D:/paper_airplane/paper_airplane_proj/Saved/Config/Windows/Scalability.ini]
[2019.02.21-03.29.49:075][  0]LogConfig: Setting CVar [[r.SkeletalMeshLODBias:0]]
[2019.02.21-03.29.49:076][  0]LogConfig: Setting CVar [[r.ViewDistanceScale:1.0]]
[2019.02.21-03.29.49:076][  0]LogConfig: Applying CVar settings from Section [AntiAliasingQuality@3] File [D:/paper_airplane/paper_airplane_proj/Saved/Config/Windows/Scalability.ini]
[2019.02.21-03.29.49:076][  0]LogConfig: Setting CVar [[r.PostProcessAAQuality:4]]
[2019.02.21-03.29.49:076][  0]LogConfig: Applying CVar settings from Section [ShadowQuality@3] File [D:/paper_airplane/paper_airplane_proj/Saved/Config/Windows/Scalability.ini]
[2019.02.21-03.29.49:076][  0]LogConfig: Setting CVar [[r.LightFunctionQuality:1]]
[2019.02.21-03.29.49:076][  0]LogConfig: Setting CVar [[r.ShadowQuality:5]]
[2019.02.21-03.29.49:076][  0]LogConfig: Setting CVar [[r.Shadow.CSM.MaxCascades:10]]
[2019.02.21-03.29.49:076][  0]LogConfig: Setting CVar [[r.Shadow.MaxResolution:2048]]
[2019.02.21-03.29.49:076][  0]LogConfig: Setting CVar [[r.Shadow.MaxCSMResolution:2048]]
[2019.02.21-03.29.49:076][  0]LogConfig: Setting CVar [[r.Shadow.RadiusThreshold:0.01]]
[2019.02.21-03.29.49:076][  0]LogConfig: Setting CVar [[r.Shadow.DistanceScale:1.0]]
[2019.02.21-03.29.49:076][  0]LogConfig: Setting CVar [[r.Shadow.CSM.TransitionScale:1.0]]
[2019.02.21-03.29.49:076][  0]LogConfig: Setting CVar [[r.Shadow.PreShadowResolutionFactor:1.0]]
[2019.02.21-03.29.49:076][  0]LogConfig: Setting CVar [[r.DistanceFieldShadowing:1]]
[2019.02.21-03.29.49:076][  0]LogConfig: Setting CVar [[r.DistanceFieldAO:1]]
[2019.02.21-03.29.49:076][  0]LogConfig: Setting CVar [[r.AOQuality:2]]
[2019.02.21-03.29.49:076][  0]LogConfig: Setting CVar [[r.VolumetricFog:1]]
[2019.02.21-03.29.49:076][  0]LogConfig: Setting CVar [[r.VolumetricFog.GridPixelSize:8]]
[2019.02.21-03.29.49:076][  0]LogConfig: Setting CVar [[r.VolumetricFog.GridSizeZ:128]]
[2019.02.21-03.29.49:076][  0]LogConfig: Setting CVar [[r.VolumetricFog.HistoryMissSupersampleCount:4]]
[2019.02.21-03.29.49:076][  0]LogConfig: Setting CVar [[r.LightMaxDrawDistanceScale:1]]
[2019.02.21-03.29.49:076][  0]LogConfig: Setting CVar [[r.CapsuleShadows:1]]
[2019.02.21-03.29.49:076][  0]LogConfig: Applying CVar settings from Section [PostProcessQuality@3] File [D:/paper_airplane/paper_airplane_proj/Saved/Config/Windows/Scalability.ini]
[2019.02.21-03.29.49:076][  0]LogConfig: Setting CVar [[r.MotionBlurQuality:4]]
[2019.02.21-03.29.49:076][  0]LogConfig: Setting CVar [[r.AmbientOcclusionMipLevelFactor:0.4]]
[2019.02.21-03.29.49:076][  0]LogConfig: Setting CVar [[r.AmbientOcclusionMaxQuality:100]]
[2019.02.21-03.29.49:077][  0]LogConfig: Setting CVar [[r.AmbientOcclusionLevels:-1]]
[2019.02.21-03.29.49:077][  0]LogConfig: Setting CVar [[r.AmbientOcclusionRadiusScale:1.0]]
[2019.02.21-03.29.49:077][  0]LogConfig: Setting CVar [[r.DepthOfFieldQuality:2]]
[2019.02.21-03.29.49:077][  0]LogConfig: Setting CVar [[r.RenderTargetPoolMin:400]]
[2019.02.21-03.29.49:077][  0]LogConfig: Setting CVar [[r.LensFlareQuality:2]]
[2019.02.21-03.29.49:077][  0]LogConfig: Setting CVar [[r.SceneColorFringeQuality:1]]
[2019.02.21-03.29.49:077][  0]LogConfig: Setting CVar [[r.EyeAdaptationQuality:2]]
[2019.02.21-03.29.49:077][  0]LogConfig: Setting CVar [[r.BloomQuality:5]]
[2019.02.21-03.29.49:077][  0]LogConfig: Setting CVar [[r.FastBlurThreshold:100]]
[2019.02.21-03.29.49:077][  0]LogConfig: Setting CVar [[r.Upscale.Quality:3]]
[2019.02.21-03.29.49:077][  0]LogConfig: Setting CVar [[r.Tonemapper.GrainQuantization:1]]
[2019.02.21-03.29.49:077][  0]LogConfig: Setting CVar [[r.LightShaftQuality:1]]
[2019.02.21-03.29.49:077][  0]LogConfig: Setting CVar [[r.Filter.SizeScale:1]]
[2019.02.21-03.29.49:077][  0]LogConfig: Setting CVar [[r.Tonemapper.Quality:5]]
[2019.02.21-03.29.49:077][  0]LogConfig: Setting CVar [[r.DOF.Gather.AccumulatorQuality:1        ; higher gathering accumulator quality]]
[2019.02.21-03.29.49:077][  0]LogConfig: Setting CVar [[r.DOF.Gather.PostfilterMethod:1          ; Median3x3 postfilering method]]
[2019.02.21-03.29.49:077][  0]LogConfig: Setting CVar [[r.DOF.Gather.EnableBokehSettings:0       ; no bokeh simulation when gathering]]
[2019.02.21-03.29.49:077][  0]LogConfig: Setting CVar [[r.DOF.Gather.RingCount:4                 ; medium number of samples when gathering]]
[2019.02.21-03.29.49:077][  0]LogConfig: Setting CVar [[r.DOF.Scatter.ForegroundCompositing:1    ; additive foreground scattering]]
[2019.02.21-03.29.49:077][  0]LogConfig: Setting CVar [[r.DOF.Scatter.BackgroundCompositing:2    ; additive background scattering]]
[2019.02.21-03.29.49:077][  0]LogConfig: Setting CVar [[r.DOF.Scatter.EnableBokehSettings:1      ; bokeh simulation when scattering]]
[2019.02.21-03.29.49:077][  0]LogConfig: Setting CVar [[r.DOF.Scatter.MaxSpriteRatio:0.1         ; only a maximum of 10% of scattered bokeh]]
[2019.02.21-03.29.49:077][  0]LogConfig: Setting CVar [[r.DOF.Recombine.Quality:1                ; cheap slight out of focus]]
[2019.02.21-03.29.49:077][  0]LogConfig: Setting CVar [[r.DOF.Recombine.EnableBokehSettings:0    ; no bokeh simulation on slight out of focus]]
[2019.02.21-03.29.49:077][  0]LogConfig: Setting CVar [[r.DOF.TemporalAAQuality:1                ; more stable temporal accumulation]]
[2019.02.21-03.29.49:077][  0]LogConfig: Setting CVar [[r.DOF.Kernel.MaxForegroundRadius:0.025]]
[2019.02.21-03.29.49:077][  0]LogConfig: Setting CVar [[r.DOF.Kernel.MaxBackgroundRadius:0.025]]
[2019.02.21-03.29.49:077][  0]LogConfig: Applying CVar settings from Section [TextureQuality@3] File [D:/paper_airplane/paper_airplane_proj/Saved/Config/Windows/Scalability.ini]
[2019.02.21-03.29.49:078][  0]LogConfig: Setting CVar [[r.Streaming.MipBias:0]]
[2019.02.21-03.29.49:078][  0]LogConfig: Setting CVar [[r.Streaming.AmortizeCPUToGPUCopy:0]]
[2019.02.21-03.29.49:078][  0]LogConfig: Setting CVar [[r.Streaming.MaxNumTexturesToStreamPerFrame:0]]
[2019.02.21-03.29.49:078][  0]LogConfig: Setting CVar [[r.Streaming.Boost:1]]
[2019.02.21-03.29.49:078][  0]LogConfig: Setting CVar [[r.MaxAnisotropy:8]]
[2019.02.21-03.29.49:078][  0]LogConfig: Setting CVar [[r.Streaming.LimitPoolSizeToVRAM:0]]
[2019.02.21-03.29.49:078][  0]LogConfig: Setting CVar [[r.Streaming.PoolSize:1000]]
[2019.02.21-03.29.49:078][  0]LogConfig: Setting CVar [[r.Streaming.MaxEffectiveScreenSize:0]]
[2019.02.21-03.29.49:078][  0]LogConfig: Applying CVar settings from Section [EffectsQuality@3] File [D:/paper_airplane/paper_airplane_proj/Saved/Config/Windows/Scalability.ini]
[2019.02.21-03.29.49:078][  0]LogConfig: Setting CVar [[r.TranslucencyLightingVolumeDim:64]]
[2019.02.21-03.29.49:078][  0]LogConfig: Setting CVar [[r.RefractionQuality:2]]
[2019.02.21-03.29.49:078][  0]LogConfig: Setting CVar [[r.SSR.Quality:3]]
[2019.02.21-03.29.49:078][  0]LogConfig: Setting CVar [[r.SceneColorFormat:4]]
[2019.02.21-03.29.49:078][  0]LogConfig: Setting CVar [[r.DetailMode:2]]
[2019.02.21-03.29.49:078][  0]LogConfig: Setting CVar [[r.TranslucencyVolumeBlur:1]]
[2019.02.21-03.29.49:078][  0]LogConfig: Setting CVar [[r.MaterialQualityLevel:1 ; High quality]]
[2019.02.21-03.29.49:078][  0]LogConfig: Setting CVar [[r.SSS.Scale:1]]
[2019.02.21-03.29.49:078][  0]LogConfig: Setting CVar [[r.SSS.SampleSet:2]]
[2019.02.21-03.29.49:078][  0]LogConfig: Setting CVar [[r.SSS.Quality:1]]
[2019.02.21-03.29.49:078][  0]LogConfig: Setting CVar [[r.SSS.HalfRes:1]]
[2019.02.21-03.29.49:078][  0]LogConfig: Setting CVar [[r.EmitterSpawnRateScale:1.0]]
[2019.02.21-03.29.49:078][  0]LogConfig: Setting CVar [[r.ParticleLightQuality:2]]
[2019.02.21-03.29.49:078][  0]LogConfig: Applying CVar settings from Section [FoliageQuality@3] File [D:/paper_airplane/paper_airplane_proj/Saved/Config/Windows/Scalability.ini]
[2019.02.21-03.29.49:078][  0]LogConfig: Setting CVar [[foliage.DensityScale:1.0]]
[2019.02.21-03.29.49:078][  0]LogConfig: Setting CVar [[grass.DensityScale:1.0]]
[2019.02.21-03.29.49:079][  0]LogInit: Selected Device Profile: [Windows]
[2019.02.21-03.29.49:079][  0]LogInit: Applying CVar settings loaded from the selected device profile: [Windows]
[2019.02.21-03.29.49:097][  0]LogHAL: Display: Platform has ~ 16 GB [16844828672 / 17179869184 / 16], which maps to Larger [LargestMinGB=32, LargerMinGB=12, DefaultMinGB=8, SmallerMinGB=6, SmallestMinGB=0)
[2019.02.21-03.29.49:097][  0]LogConfig: Setting CVar [[r.Vulkan.UseRealUBs:1]]
[2019.02.21-03.29.49:097][  0]LogInit: Going up to parent DeviceProfile []
[2019.02.21-03.29.49:097][  0]LogConfig: Applying CVar settings from Section [ViewDistanceQuality@3] File [D:/paper_airplane/paper_airplane_proj/Saved/Config/Windows/Scalability.ini]
[2019.02.21-03.29.49:097][  0]LogConfig: Setting CVar [[r.SkeletalMeshLODBias:0]]
[2019.02.21-03.29.49:097][  0]LogConfig: Setting CVar [[r.ViewDistanceScale:1.0]]
[2019.02.21-03.29.49:097][  0]LogConfig: Applying CVar settings from Section [AntiAliasingQuality@3] File [D:/paper_airplane/paper_airplane_proj/Saved/Config/Windows/Scalability.ini]
[2019.02.21-03.29.49:097][  0]LogConfig: Setting CVar [[r.PostProcessAAQuality:4]]
[2019.02.21-03.29.49:097][  0]LogConfig: Applying CVar settings from Section [ShadowQuality@3] File [D:/paper_airplane/paper_airplane_proj/Saved/Config/Windows/Scalability.ini]
[2019.02.21-03.29.49:098][  0]LogConfig: Setting CVar [[r.LightFunctionQuality:1]]
[2019.02.21-03.29.49:098][  0]LogConfig: Setting CVar [[r.ShadowQuality:5]]
[2019.02.21-03.29.49:098][  0]LogConfig: Setting CVar [[r.Shadow.CSM.MaxCascades:10]]
[2019.02.21-03.29.49:098][  0]LogConfig: Setting CVar [[r.Shadow.MaxResolution:2048]]
[2019.02.21-03.29.49:098][  0]LogConfig: Setting CVar [[r.Shadow.MaxCSMResolution:2048]]
[2019.02.21-03.29.49:098][  0]LogConfig: Setting CVar [[r.Shadow.RadiusThreshold:0.01]]
[2019.02.21-03.29.49:098][  0]LogConfig: Setting CVar [[r.Shadow.DistanceScale:1.0]]
[2019.02.21-03.29.49:098][  0]LogConfig: Setting CVar [[r.Shadow.CSM.TransitionScale:1.0]]
[2019.02.21-03.29.49:098][  0]LogConfig: Setting CVar [[r.Shadow.PreShadowResolutionFactor:1.0]]
[2019.02.21-03.29.49:098][  0]LogConfig: Setting CVar [[r.DistanceFieldShadowing:1]]
[2019.02.21-03.29.49:098][  0]LogConfig: Setting CVar [[r.DistanceFieldAO:1]]
[2019.02.21-03.29.49:098][  0]LogConfig: Setting CVar [[r.AOQuality:2]]
[2019.02.21-03.29.49:098][  0]LogConfig: Setting CVar [[r.VolumetricFog:1]]
[2019.02.21-03.29.49:098][  0]LogConfig: Setting CVar [[r.VolumetricFog.GridPixelSize:8]]
[2019.02.21-03.29.49:098][  0]LogConfig: Setting CVar [[r.VolumetricFog.GridSizeZ:128]]
[2019.02.21-03.29.49:098][  0]LogConfig: Setting CVar [[r.VolumetricFog.HistoryMissSupersampleCount:4]]
[2019.02.21-03.29.49:098][  0]LogConfig: Setting CVar [[r.LightMaxDrawDistanceScale:1]]
[2019.02.21-03.29.49:098][  0]LogConfig: Setting CVar [[r.CapsuleShadows:1]]
[2019.02.21-03.29.49:098][  0]LogConfig: Applying CVar settings from Section [PostProcessQuality@3] File [D:/paper_airplane/paper_airplane_proj/Saved/Config/Windows/Scalability.ini]
[2019.02.21-03.29.49:098][  0]LogConfig: Setting CVar [[r.MotionBlurQuality:4]]
[2019.02.21-03.29.49:098][  0]LogConfig: Setting CVar [[r.AmbientOcclusionMipLevelFactor:0.4]]
[2019.02.21-03.29.49:098][  0]LogConfig: Setting CVar [[r.AmbientOcclusionMaxQuality:100]]
[2019.02.21-03.29.49:098][  0]LogConfig: Setting CVar [[r.AmbientOcclusionLevels:-1]]
[2019.02.21-03.29.49:098][  0]LogConfig: Setting CVar [[r.AmbientOcclusionRadiusScale:1.0]]
[2019.02.21-03.29.49:098][  0]LogConfig: Setting CVar [[r.DepthOfFieldQuality:2]]
[2019.02.21-03.29.49:098][  0]LogConfig: Setting CVar [[r.RenderTargetPoolMin:400]]
[2019.02.21-03.29.49:098][  0]LogConfig: Setting CVar [[r.LensFlareQuality:2]]
[2019.02.21-03.29.49:098][  0]LogConfig: Setting CVar [[r.SceneColorFringeQuality:1]]
[2019.02.21-03.29.49:099][  0]LogConfig: Setting CVar [[r.EyeAdaptationQuality:2]]
[2019.02.21-03.29.49:099][  0]LogConfig: Setting CVar [[r.BloomQuality:5]]
[2019.02.21-03.29.49:099][  0]LogConfig: Setting CVar [[r.FastBlurThreshold:100]]
[2019.02.21-03.29.49:099][  0]LogConfig: Setting CVar [[r.Upscale.Quality:3]]
[2019.02.21-03.29.49:099][  0]LogConfig: Setting CVar [[r.Tonemapper.GrainQuantization:1]]
[2019.02.21-03.29.49:099][  0]LogConfig: Setting CVar [[r.LightShaftQuality:1]]
[2019.02.21-03.29.49:099][  0]LogConfig: Setting CVar [[r.Filter.SizeScale:1]]
[2019.02.21-03.29.49:099][  0]LogConfig: Setting CVar [[r.Tonemapper.Quality:5]]
[2019.02.21-03.29.49:099][  0]LogConfig: Setting CVar [[r.DOF.Gather.AccumulatorQuality:1        ; higher gathering accumulator quality]]
[2019.02.21-03.29.49:099][  0]LogConfig: Setting CVar [[r.DOF.Gather.PostfilterMethod:1          ; Median3x3 postfilering method]]
[2019.02.21-03.29.49:099][  0]LogConfig: Setting CVar [[r.DOF.Gather.EnableBokehSettings:0       ; no bokeh simulation when gathering]]
[2019.02.21-03.29.49:099][  0]LogConfig: Setting CVar [[r.DOF.Gather.RingCount:4                 ; medium number of samples when gathering]]
[2019.02.21-03.29.49:099][  0]LogConfig: Setting CVar [[r.DOF.Scatter.ForegroundCompositing:1    ; additive foreground scattering]]
[2019.02.21-03.29.49:099][  0]LogConfig: Setting CVar [[r.DOF.Scatter.BackgroundCompositing:2    ; additive background scattering]]
[2019.02.21-03.29.49:099][  0]LogConfig: Setting CVar [[r.DOF.Scatter.EnableBokehSettings:1      ; bokeh simulation when scattering]]
[2019.02.21-03.29.49:099][  0]LogConfig: Setting CVar [[r.DOF.Scatter.MaxSpriteRatio:0.1         ; only a maximum of 10% of scattered bokeh]]
[2019.02.21-03.29.49:099][  0]LogConfig: Setting CVar [[r.DOF.Recombine.Quality:1                ; cheap slight out of focus]]
[2019.02.21-03.29.49:099][  0]LogConfig: Setting CVar [[r.DOF.Recombine.EnableBokehSettings:0    ; no bokeh simulation on slight out of focus]]
[2019.02.21-03.29.49:099][  0]LogConfig: Setting CVar [[r.DOF.TemporalAAQuality:1                ; more stable temporal accumulation]]
[2019.02.21-03.29.49:099][  0]LogConfig: Setting CVar [[r.DOF.Kernel.MaxForegroundRadius:0.025]]
[2019.02.21-03.29.49:099][  0]LogConfig: Setting CVar [[r.DOF.Kernel.MaxBackgroundRadius:0.025]]
[2019.02.21-03.29.49:099][  0]LogConfig: Applying CVar settings from Section [TextureQuality@3] File [D:/paper_airplane/paper_airplane_proj/Saved/Config/Windows/Scalability.ini]
[2019.02.21-03.29.49:099][  0]LogConfig: Setting CVar [[r.Streaming.MipBias:0]]
[2019.02.21-03.29.49:099][  0]LogConfig: Setting CVar [[r.Streaming.AmortizeCPUToGPUCopy:0]]
[2019.02.21-03.29.49:099][  0]LogConfig: Setting CVar [[r.Streaming.MaxNumTexturesToStreamPerFrame:0]]
[2019.02.21-03.29.49:099][  0]LogConfig: Setting CVar [[r.Streaming.Boost:1]]
[2019.02.21-03.29.49:100][  0]LogConfig: Setting CVar [[r.MaxAnisotropy:8]]
[2019.02.21-03.29.49:100][  0]LogConfig: Setting CVar [[r.Streaming.LimitPoolSizeToVRAM:0]]
[2019.02.21-03.29.49:100][  0]LogConfig: Setting CVar [[r.Streaming.PoolSize:1000]]
[2019.02.21-03.29.49:100][  0]LogConfig: Setting CVar [[r.Streaming.MaxEffectiveScreenSize:0]]
[2019.02.21-03.29.49:100][  0]LogConfig: Applying CVar settings from Section [EffectsQuality@3] File [D:/paper_airplane/paper_airplane_proj/Saved/Config/Windows/Scalability.ini]
[2019.02.21-03.29.49:100][  0]LogConfig: Setting CVar [[r.TranslucencyLightingVolumeDim:64]]
[2019.02.21-03.29.49:100][  0]LogConfig: Setting CVar [[r.RefractionQuality:2]]
[2019.02.21-03.29.49:100][  0]LogConfig: Setting CVar [[r.SSR.Quality:3]]
[2019.02.21-03.29.49:100][  0]LogConfig: Setting CVar [[r.SceneColorFormat:4]]
[2019.02.21-03.29.49:100][  0]LogConfig: Setting CVar [[r.DetailMode:2]]
[2019.02.21-03.29.49:100][  0]LogConfig: Setting CVar [[r.TranslucencyVolumeBlur:1]]
[2019.02.21-03.29.49:100][  0]LogConfig: Setting CVar [[r.MaterialQualityLevel:1 ; High quality]]
[2019.02.21-03.29.49:100][  0]LogConfig: Setting CVar [[r.SSS.Scale:1]]
[2019.02.21-03.29.49:100][  0]LogConfig: Setting CVar [[r.SSS.SampleSet:2]]
[2019.02.21-03.29.49:100][  0]LogConfig: Setting CVar [[r.SSS.Quality:1]]
[2019.02.21-03.29.49:100][  0]LogConfig: Setting CVar [[r.SSS.HalfRes:1]]
[2019.02.21-03.29.49:100][  0]LogConfig: Setting CVar [[r.EmitterSpawnRateScale:1.0]]
[2019.02.21-03.29.49:100][  0]LogConfig: Setting CVar [[r.ParticleLightQuality:2]]
[2019.02.21-03.29.49:100][  0]LogConfig: Applying CVar settings from Section [FoliageQuality@3] File [D:/paper_airplane/paper_airplane_proj/Saved/Config/Windows/Scalability.ini]
[2019.02.21-03.29.49:100][  0]LogConfig: Setting CVar [[foliage.DensityScale:1.0]]
[2019.02.21-03.29.49:100][  0]LogConfig: Setting CVar [[grass.DensityScale:1.0]]
[2019.02.21-03.29.49:100][  0]LogConfig: Applying CVar settings from Section [Startup] File [../../../Engine/Config/ConsoleVariables.ini]
[2019.02.21-03.29.49:100][  0]LogConfig: Setting CVar [[net.UseAdaptiveNetUpdateFrequency:0]]
[2019.02.21-03.29.49:100][  0]LogConfig: Applying CVar settings from Section [ConsoleVariables] File [D:/paper_airplane/paper_airplane_proj/Saved/Config/Windows/Engine.ini]
[2019.02.21-03.29.49:100][  0]LogInit: Computer: STEVEN-ZHANG
[2019.02.21-03.29.49:100][  0]LogInit: User: zhang000
[2019.02.21-03.29.49:100][  0]LogInit: CPU Page size=4096, Cores=4
[2019.02.21-03.29.49:100][  0]LogInit: High frequency timer resolution =3.330096 MHz
[2019.02.21-03.29.49:101][  0]LogMemory: Memory total: Physical=15.7GB (16GB approx)
[2019.02.21-03.29.49:101][  0]LogMemory: Platform Memory Stats for Windows
[2019.02.21-03.29.49:101][  0]LogMemory: Process Physical Memory: 102.84 MB used, 102.84 MB peak
[2019.02.21-03.29.49:101][  0]LogMemory: Process Virtual Memory: 89.98 MB used, 89.98 MB peak
[2019.02.21-03.29.49:101][  0]LogMemory: Physical Memory: 7001.31 MB used,  9063.17 MB free, 16064.48 MB total
[2019.02.21-03.29.49:101][  0]LogMemory: Virtual Memory: 4652.29 MB used,  134213072.00 MB free, 134217728.00 MB total
[2019.02.21-03.29.49:123][  0]LogInit: Overriding language with editor language configuration option (en).
[2019.02.21-03.29.49:124][  0]LogInit: Overriding locale with editor locale configuration option (en).
[2019.02.21-03.29.49:569][  0]LogStreaming: Display: Took  0.445s to InitEngineTextLocalization.
[2019.02.21-03.29.49:569][  0]LogInit: Setting process to per monitor DPI aware
[2019.02.21-03.29.49:613][  0]LogSlate: New Slate User Created.  User Index 0, Is Virtual User: 0
[2019.02.21-03.29.49:614][  0]LogSlate: Slate User Registered.  User Index 0, Is Virtual User: 0
[2019.02.21-03.29.49:934][  0]LogHMD: Failed to initialize OpenVR with code 110
[2019.02.21-03.29.49:934][  0]LogD3D11RHI: D3D11 adapters:
[2019.02.21-03.29.49:940][  0]LogD3D11RHI:    0. 'Intel(R) HD Graphics 4000' (Feature Level 11_0)
[2019.02.21-03.29.49:940][  0]LogD3D11RHI:       224/0/1568 MB DedicatedVideo/DedicatedSystem/SharedSystem, Outputs:1, VendorId:0x8086
[2019.02.21-03.29.49:943][  0]LogD3D11RHI:    1. 'Microsoft Basic Render Driver' (Feature Level 11_0)
[2019.02.21-03.29.49:943][  0]LogD3D11RHI:       0/0/8032 MB DedicatedVideo/DedicatedSystem/SharedSystem, Outputs:0, VendorId:0x1414
[2019.02.21-03.29.49:943][  0]LogD3D11RHI: Chosen D3D11 Adapter: 0
[2019.02.21-03.29.49:954][  0]LogD3D11RHI: Creating new Direct3DDevice
[2019.02.21-03.29.49:954][  0]LogD3D11RHI:     GPU DeviceId: 0x162 (for the marketing name, search the web for "GPU Device Id")
[2019.02.21-03.29.49:954][  0]LogWindows: EnumDisplayDevices:
[2019.02.21-03.29.49:954][  0]LogWindows:    0. 'Intel(R) HD Graphics 4000' (P:1 D:1)
[2019.02.21-03.29.49:955][  0]LogWindows:    1. 'Intel(R) HD Graphics 4000' (P:0 D:0)
[2019.02.21-03.29.49:955][  0]LogWindows:    2. 'Intel(R) HD Graphics 4000' (P:0 D:0)
[2019.02.21-03.29.49:955][  0]LogWindows: DebugString: FoundDriverCount:3 
[2019.02.21-03.29.49:955][  0]LogD3D11RHI:     Adapter Name: Intel(R) HD Graphics 4000
[2019.02.21-03.29.49:955][  0]LogD3D11RHI:   Driver Version: 10.18.10.4358 (internal:10.18.10.4358, unified:10.18.10.4358)
[2019.02.21-03.29.49:955][  0]LogD3D11RHI:      Driver Date: 12-21-2015
[2019.02.21-03.29.49:955][  0]LogRHI: Texture pool is 705 MB (70% of 1008 MB)
[2019.02.21-03.29.49:962][  0]LogD3D11RHI: [IntelMetricsDiscovery] Started
[2019.02.21-03.29.49:962][  0]LogD3D11RHI: Async texture creation enabled
[2019.02.21-03.29.49:968][  0]LogD3D11RHI: GPU Timing Frequency: 12.500000 (Debug: 2 0)
[2019.02.21-03.29.50:416][  0]LogTemp: Display: Loaded TP AllDesktopTargetPlatform
[2019.02.21-03.29.50:429][  0]LogTemp: Display: Loaded TP MacClientTargetPlatform
[2019.02.21-03.29.50:443][  0]LogTemp: Display: Loaded TP MacNoEditorTargetPlatform
[2019.02.21-03.29.50:456][  0]LogTemp: Display: Loaded TP MacServerTargetPlatform
[2019.02.21-03.29.50:471][  0]LogTemp: Display: Loaded TP MacTargetPlatform
[2019.02.21-03.29.50:484][  0]LogTemp: Display: Loaded TP WindowsClientTargetPlatform
[2019.02.21-03.29.50:498][  0]LogTemp: Display: Loaded TP WindowsNoEditorTargetPlatform
[2019.02.21-03.29.50:511][  0]LogTemp: Display: Loaded TP WindowsServerTargetPlatform
[2019.02.21-03.29.50:517][  0]LogTemp: Display: Loaded TP WindowsTargetPlatform
[2019.02.21-03.29.50:594][  0]LogTemp: Display: Loaded TP AndroidTargetPlatform
[2019.02.21-03.29.50:594][  0]LogTemp: Display: Loaded TP AndroidTargetPlatform
[2019.02.21-03.29.50:594][  0]LogTemp: Display: Loaded TP AndroidTargetPlatform
[2019.02.21-03.29.50:594][  0]LogTemp: Display: Loaded TP AndroidTargetPlatform
[2019.02.21-03.29.50:594][  0]LogTemp: Display: Loaded TP AndroidTargetPlatform
[2019.02.21-03.29.50:594][  0]LogTemp: Display: Loaded TP AndroidTargetPlatform
[2019.02.21-03.29.50:594][  0]LogTemp: Display: Loaded TP AndroidTargetPlatform
[2019.02.21-03.29.50:594][  0]LogTemp: Display: Loaded TP AndroidTargetPlatform
[2019.02.21-03.29.50:594][  0]LogTemp: Display: Loaded TP AndroidTargetPlatform
[2019.02.21-03.29.50:594][  0]LogTemp: Display: Loaded TP AndroidTargetPlatform
[2019.02.21-03.29.50:594][  0]LogTemp: Display: Loaded TP AndroidTargetPlatform
[2019.02.21-03.29.50:594][  0]LogTemp: Display: Loaded TP AndroidTargetPlatform
[2019.02.21-03.29.50:594][  0]LogTemp: Display: Loaded TP AndroidTargetPlatform
[2019.02.21-03.29.50:594][  0]LogTemp: Display: Loaded TP AndroidTargetPlatform
[2019.02.21-03.29.50:594][  0]LogTemp: Display: Loaded TP AndroidTargetPlatform
[2019.02.21-03.29.50:594][  0]LogTemp: Display: Loaded TP AndroidTargetPlatform
[2019.02.21-03.29.50:594][  0]LogTemp: Display: Loaded TP AndroidTargetPlatform
[2019.02.21-03.29.50:594][  0]LogTemp: Display: Loaded TP AndroidTargetPlatform
[2019.02.21-03.29.50:596][  0]LogTemp: Display: Loaded TP HTML5TargetPlatform
[2019.02.21-03.29.50:657][  0]LogTemp: Display: Loaded TP IOSTargetPlatform
[2019.02.21-03.29.50:657][  0]LogTemp: Display: Loaded TP IOSTargetPlatform
[2019.02.21-03.29.50:712][  0]LogTemp: Display: Loaded TP TVOSTargetPlatform
[2019.02.21-03.29.50:712][  0]LogTemp: Display: Loaded TP TVOSTargetPlatform
[2019.02.21-03.29.50:730][  0]LogTemp: Display: Loaded TP LinuxClientTargetPlatform
[2019.02.21-03.29.50:743][  0]LogTemp: Display: Loaded TP LinuxNoEditorTargetPlatform
[2019.02.21-03.29.50:757][  0]LogTemp: Display: Loaded TP LinuxServerTargetPlatform
[2019.02.21-03.29.50:771][  0]LogTemp: Display: Loaded TP LinuxTargetPlatform
[2019.02.21-03.29.50:817][  0]LogTemp: Display: Loaded TP LuminTargetPlatform
[2019.02.21-03.29.50:817][  0]LogTemp: Display: Loaded TP LuminTargetPlatform
[2019.02.21-03.29.50:817][  0]LogTargetPlatformManager: Display: Building Assets For Windows
[2019.02.21-03.29.50:873][  0]LogShaderCompilers: Guid format shader working directory is -3 characters bigger than the processId version (../../../../../../paper_airplane/paper_airplane_proj/Intermediate/Shaders/WorkingDirectory/18920/).
[2019.02.21-03.29.50:873][  0]LogShaderCompilers: Cleaned the shader compiler working directory 'C:/Users/zhang_000/AppData/Local/Temp/UnrealShaderWorkingDir/EDBBE8824A0BA754EBADDAB4CE19F774/'.
[2019.02.21-03.29.50:875][  0]LogXGEController: Cannot use XGE Controller as Incredibuild is not installed on this machine.
[2019.02.21-03.29.50:875][  0]LogShaderCompilers: Cannot use XGE Shader Compiler as Incredibuild is not installed on this machine.
[2019.02.21-03.29.50:875][  0]LogShaderCompilers: Display: Using Local Shader Compiler.
[2019.02.21-03.29.51:424][  0]LogDerivedDataCache: Display: Max Cache Size: 512 MB
[2019.02.21-03.29.51:514][  0]LogDerivedDataCache: Loaded boot cache 0.09s 86MB C:/Users/zhang_000/AppData/Local/UnrealEngine/4.21/DerivedDataCache/Boot.ddc.
[2019.02.21-03.29.51:514][  0]LogDerivedDataCache: Display: Loaded Boot cache: C:/Users/zhang_000/AppData/Local/UnrealEngine/4.21/DerivedDataCache/Boot.ddc
[2019.02.21-03.29.51:514][  0]LogDerivedDataCache: FDerivedDataBackendGraph:  Pak pak cache file ../../../../../../paper_airplane/paper_airplane_proj/DerivedDataCache/DDC.ddp not found, will not use a pak cache.
[2019.02.21-03.29.51:514][  0]LogDerivedDataCache: Unable to find inner node Pak for hierarchical cache Hierarchy.
[2019.02.21-03.29.51:514][  0]LogDerivedDataCache: FDerivedDataBackendGraph:  CompressedPak pak cache file ../../../../../../paper_airplane/paper_airplane_proj/DerivedDataCache/Compressed.ddp not found, will not use a pak cache.
[2019.02.21-03.29.51:514][  0]LogDerivedDataCache: Unable to find inner node CompressedPak for hierarchical cache Hierarchy.
[2019.02.21-03.29.51:527][  0]LogDerivedDataCache: Display: Pak cache opened for reading ../../../Engine/DerivedDataCache/Compressed.ddp.
[2019.02.21-03.29.51:528][  0]LogDerivedDataCache: FDerivedDataBackendGraph:  EnterprisePak pak cache file ../../../Enterprise/DerivedDataCache/Compressed.ddp not found, will not use a pak cache.
[2019.02.21-03.29.51:528][  0]LogDerivedDataCache: Unable to find inner node EnterprisePak for hierarchical cache Hierarchy.
[2019.02.21-03.29.51:540][  0]LogDerivedDataCache: Using Local data cache path C:/Users/zhang_000/AppData/Local/UnrealEngine/Common/DerivedDataCache: Writable
[2019.02.21-03.29.51:540][  0]LogDerivedDataCache: Shared data cache path not found in *engine.ini, will not use an Shared cache.
[2019.02.21-03.29.51:540][  0]LogDerivedDataCache: Unable to find inner node Shared for hierarchical cache Hierarchy.
[2019.02.21-03.29.51:574][  0]LogMaterial: Verifying Global Shaders for PCD3D_SM5
[2019.02.21-03.29.51:577][  0]LogSlate: Using FreeType 2.6.0
[2019.02.21-03.29.51:579][  0]LogSlate: SlateFontServices - WITH_FREETYPE: 1, WITH_HARFBUZZ: 1
[2019.02.21-03.29.51:686][  0]LogAssetRegistry: FAssetRegistry took 0.0342 seconds to start up
[2019.02.21-03.29.52:107][  0]LogInit: Selected Device Profile: [Windows]
[2019.02.21-03.29.52:281][  0]LogSimplygon: Simplygon DLL not present - disabling.
[2019.02.21-03.29.52:286][  0]LogMeshReduction: Using SimplygonSwarm for distributed automatic mesh merging
[2019.02.21-03.29.52:286][  0]LogMeshReduction: Using ProxyLODMeshReduction for automatic mesh merging
[2019.02.21-03.29.52:286][  0]LogMeshReduction: Using QuadricMeshReduction for automatic static mesh reduction
[2019.02.21-03.29.52:286][  0]LogMeshReduction: No automatic skeletal mesh reduction module available
[2019.02.21-03.29.52:300][  0]LogNetVersion: paper_airplane_proj 1.0.0, NetCL: 4541578, EngineNetVer: 5, GameNetVer: 0 (Checksum: 4015020146)
[2019.02.21-03.29.52:852][  0]LogPackageLocalizationCache: Processed 11 localized package path(s) for 1 prioritized culture(s) in 0.054449 seconds
[2019.02.21-03.29.52:862][  0]LogUObjectArray: 39775 objects as part of root set at end of initial load.
[2019.02.21-03.29.52:862][  0]LogUObjectAllocator: 6914656 out of 0 bytes used by permanent object pool.
[2019.02.21-03.29.52:862][  0]LogUObjectArray: CloseDisregardForGC: 0/0 objects in disregard for GC pool
[2019.02.21-03.29.53:819][  0]LogTcpMessaging: Initializing TcpMessaging bridge
[2019.02.21-03.29.53:841][  0]LogUdpMessaging: Initializing bridge on interface 0.0.0.0:0 to multicast group 230.0.0.1:6666.
[2019.02.21-03.29.55:033][  0]SourceControl: Source control is disabled
[2019.02.21-03.29.55:033][  0]SourceControl: Source control is disabled
[2019.02.21-03.29.55:035][  0]SourceControl: Source control is disabled
[2019.02.21-03.29.55:037][  0]SourceControl: Source control is disabled
[2019.02.21-03.29.55:225][  0]LogAndroidPermission: UAndroidPermissionCallbackProxy::GetInstance
[2019.02.21-03.29.55:395][  0]LogOcInput: OculusInput pre-init called
[2019.02.21-03.29.55:571][  0]LogEngine: Initializing Engine...
[2019.02.21-03.29.55:572][  0]LogHMD: Failed to initialize OpenVR with code 110
[2019.02.21-03.29.55:573][  0]LogStats: UGameplayTagsManager::ConstructGameplayTagTree: ImportINI prefixes -  0.000 s
[2019.02.21-03.29.55:573][  0]LogStats: UGameplayTagsManager::ConstructGameplayTagTree: Construct from data asset -  0.000 s
[2019.02.21-03.29.55:573][  0]LogStats: UGameplayTagsManager::ConstructGameplayTagTree: ImportINI -  0.000 s
[2019.02.21-03.29.55:573][  0]LogStats: UGameplayTagsManager::ConstructGameplayTagTree: GameplayTagTreeChangedEvent.Broadcast -  0.000 s
[2019.02.21-03.29.55:874][  0]LogInit: Initializing FReadOnlyCVARCache
[2019.02.21-03.29.55:888][  0]LogAIModule: Creating AISystem for world Untitled
[2019.02.21-03.29.55:943][  0]LogInit: XAudio2 using 'Speakers (Logitech USB Headset)' : 2 channels at 48 kHz using 16 bits per sample (channel mask 0x3)
[2019.02.21-03.29.55:979][  0]LogInit: FAudioDevice initialized.
[2019.02.21-03.29.55:979][  0]LogNetVersion: Set ProjectVersion to 1.0.0.0. Version Checksum will be recalculated on next use.
[2019.02.21-03.29.56:117][  0]LogDerivedDataCache: Saved boot cache 0.14s 86MB C:/Users/zhang_000/AppData/Local/UnrealEngine/4.21/DerivedDataCache/Boot.ddc.
[2019.02.21-03.29.56:178][  0]LogInit: Texture streaming: Enabled
[2019.02.21-03.29.56:203][  0]LogEngineSessionManager: EngineSessionManager initialized
[2019.02.21-03.29.56:218][  0]LogInit: Transaction tracking system initialized
[2019.02.21-03.29.56:242][  0]BlueprintLog: New page: Editor Load
[2019.02.21-03.29.56:456][  0]LocalizationService: Localization service is disabled
[2019.02.21-03.29.57:000][  0]LogFileCache: Scanning file cache for directory 'D:/paper_airplane/paper_airplane_proj/Content/' took 0.01s
[2019.02.21-03.29.57:000][  0]LogCook: Display: Max memory allowance for cook 16384mb min free memory 0mb
[2019.02.21-03.29.57:000][  0]LogCook: Display: Mobile HDR setting 1
[2019.02.21-03.29.57:000][  0]LogGameplayTags: Display: UGameplayTagsManager::DoneAddingNativeTags. DelegateIsBound: 0
[2019.02.21-03.29.57:000][  0]LogStats: UGameplayTagsManager::ConstructGameplayTagTree: ImportINI prefixes -  0.000 s
[2019.02.21-03.29.57:000][  0]LogStats: UGameplayTagsManager::ConstructGameplayTagTree: Construct from data asset -  0.000 s
[2019.02.21-03.29.57:000][  0]LogStats: UGameplayTagsManager::ConstructGameplayTagTree: ImportINI -  0.000 s
[2019.02.21-03.29.57:000][  0]LogStats: UGameplayTagsManager::ConstructGameplayTagTree: GameplayTagTreeChangedEvent.Broadcast -  0.000 s
[2019.02.21-03.29.57:172][  0]SourceControl: Source control is disabled
[2019.02.21-03.29.57:172][  0]Cmd: MAP LOAD FILE="../../../Engine/Content/Maps/Templates/Template_Default.umap" TEMPLATE=1 SHOWPROGRESS=1 FEATURELEVEL=3
[2019.02.21-03.29.57:173][  0]LightingResults: New page: Lighting Build
[2019.02.21-03.29.57:176][  0]MapCheck: New page: Map Check
[2019.02.21-03.29.57:176][  0]LightingResults: New page: Lighting Build
[2019.02.21-03.29.57:400][  0]LogAIModule: Creating AISystem for world Untitled_1
[2019.02.21-03.29.57:407][  0]LogEditorServer: Finished looking for orphan Actors (0.000 secs)
[2019.02.21-03.29.57:430][  0]Cmd: MAP CHECKDEP NOCLEARLOG
[2019.02.21-03.29.57:430][  0]MapCheck: Map check complete: 0 Error(s), 0 Warning(s), took 0.192ms to complete.
[2019.02.21-03.29.57:430][  0]LogFileHelpers: Loading map 'Template_Default' took 0.258
[2019.02.21-03.29.57:533][  0]LogSlate: Updating window title bar state: overlay mode, drag disabled, window buttons hidden, title bar hidden
[2019.02.21-03.29.57:542][  0]LogSlate: Updating window title bar state: overlay mode, drag disabled, window buttons hidden, title bar hidden
[2019.02.21-03.29.57:549][  0]LogSlate: Updating window title bar state: overlay mode, drag disabled, window buttons hidden, title bar hidden
[2019.02.21-03.29.57:557][  0]LogSlate: Updating window title bar state: overlay mode, drag disabled, window buttons hidden, title bar hidden
[2019.02.21-03.29.57:564][  0]LogCollectionManager: Loaded 0 collections in 0.001455 seconds
[2019.02.21-03.29.57:605][  0]LogFileCache: Scanning file cache for directory 'D:/paper_airplane/paper_airplane_proj/Saved/Collections/' took 0.01s
[2019.02.21-03.29.57:605][  0]LogFileCache: Scanning file cache for directory 'D:/paper_airplane/paper_airplane_proj/Content/Developers/zhang000/Collections/' took 0.01s
[2019.02.21-03.29.57:605][  0]LogFileCache: Scanning file cache for directory 'D:/paper_airplane/paper_airplane_proj/Content/Collections/' took 0.01s
[2019.02.21-03.29.57:605][  0]LogCollectionManager: Rebuilt the GUID cache for 0 collections in 0.000000 seconds
[2019.02.21-03.29.57:615][  0]LogContentBrowser: Native class hierarchy populated in 0.0102 seconds. Added 2651 classes and 620 folders.
[2019.02.21-03.29.57:621][  0]LogContentBrowser: Native class hierarchy updated for 'WidgetCarousel' in 0.0002 seconds. Added 0 classes and 0 folders.
[2019.02.21-03.29.57:691][  0]LogPakFile: Registered encryption key '00000000000000000000000000000000': 0 pak files mounted, 0 remain pending
[2019.02.21-03.29.57:718][  0]LogPakFile: Registered encryption key '00000000000000000000000000000000': 0 pak files mounted, 0 remain pending
[2019.02.21-03.29.57:720][  0]LogPakFile: Registered encryption key '00000000000000000000000000000000': 0 pak files mounted, 0 remain pending
[2019.02.21-03.29.57:722][  0]LogPakFile: Registered encryption key '00000000000000000000000000000000': 0 pak files mounted, 0 remain pending
[2019.02.21-03.29.57:725][  0]LogPakFile: Registered encryption key '00000000000000000000000000000000': 0 pak files mounted, 0 remain pending
[2019.02.21-03.29.57:727][  0]LogPakFile: Registered encryption key '00000000000000000000000000000000': 0 pak files mounted, 0 remain pending
[2019.02.21-03.29.57:730][  0]LogPakFile: Registered encryption key '00000000000000000000000000000000': 0 pak files mounted, 0 remain pending
[2019.02.21-03.29.57:733][  0]LogPakFile: Registered encryption key '00000000000000000000000000000000': 0 pak files mounted, 0 remain pending
[2019.02.21-03.29.57:735][  0]LogPakFile: Registered encryption key '00000000000000000000000000000000': 0 pak files mounted, 0 remain pending
[2019.02.21-03.29.57:738][  0]LogPakFile: Registered encryption key '00000000000000000000000000000000': 0 pak files mounted, 0 remain pending
[2019.02.21-03.29.57:740][  0]LogPakFile: Registered encryption key '00000000000000000000000000000000': 0 pak files mounted, 0 remain pending
[2019.02.21-03.29.57:742][  0]LogPakFile: Registered encryption key '00000000000000000000000000000000': 0 pak files mounted, 0 remain pending
[2019.02.21-03.29.57:743][  0]LogPakFile: Registered encryption key '00000000000000000000000000000000': 0 pak files mounted, 0 remain pending
[2019.02.21-03.29.57:745][  0]LogPakFile: Registered encryption key '00000000000000000000000000000000': 0 pak files mounted, 0 remain pending
[2019.02.21-03.29.57:746][  0]LogPakFile: Registered encryption key '00000000000000000000000000000000': 0 pak files mounted, 0 remain pending
[2019.02.21-03.29.57:748][  0]LogPakFile: Registered encryption key '00000000000000000000000000000000': 0 pak files mounted, 0 remain pending
[2019.02.21-03.29.57:749][  0]LogPakFile: Registered encryption key '00000000000000000000000000000000': 0 pak files mounted, 0 remain pending
[2019.02.21-03.29.57:751][  0]LogPakFile: Registered encryption key '00000000000000000000000000000000': 0 pak files mounted, 0 remain pending
[2019.02.21-03.29.57:752][  0]LogPakFile: Registered encryption key '00000000000000000000000000000000': 0 pak files mounted, 0 remain pending
[2019.02.21-03.29.57:753][  0]LogPakFile: Registered encryption key '00000000000000000000000000000000': 0 pak files mounted, 0 remain pending
[2019.02.21-03.29.57:755][  0]LogPakFile: Registered encryption key '00000000000000000000000000000000': 0 pak files mounted, 0 remain pending
[2019.02.21-03.29.57:756][  0]LogPakFile: Registered encryption key '00000000000000000000000000000000': 0 pak files mounted, 0 remain pending
[2019.02.21-03.29.57:758][  0]LogPakFile: Registered encryption key '00000000000000000000000000000000': 0 pak files mounted, 0 remain pending
[2019.02.21-03.29.57:760][  0]LogPakFile: Registered encryption key '00000000000000000000000000000000': 0 pak files mounted, 0 remain pending
[2019.02.21-03.29.57:761][  0]LogPakFile: Registered encryption key '00000000000000000000000000000000': 0 pak files mounted, 0 remain pending
[2019.02.21-03.29.57:763][  0]LogPakFile: Registered encryption key '00000000000000000000000000000000': 0 pak files mounted, 0 remain pending
[2019.02.21-03.29.58:948][  0]LogContentBrowser: Native class hierarchy updated for 'AddContentDialog' in 0.0003 seconds. Added 0 classes and 0 folders.
[2019.02.21-03.29.59:583][  0]LogContentBrowser: Native class hierarchy updated for 'SceneOutliner' in 0.0004 seconds. Added 1 classes and 2 folders.
[2019.02.21-03.29.59:745][  0]LogSlate: Took 0.000195 seconds to synchronously load lazily loaded font '../../../Engine/Content/Slate/Fonts/Roboto-Regular.ttf' (155K)
[2019.02.21-03.29.59:747][  0]LogSlate: Took 0.000183 seconds to synchronously load lazily loaded font '../../../Engine/Content/Slate/Fonts/Roboto-Bold.ttf' (160K)
[2019.02.21-03.29.59:808][  0]LogSlate: Took 0.054982 seconds to synchronously load lazily loaded font '../../../Engine/Content/Editor/Slate/Fonts/FontAwesome.ttf' (139K)
[2019.02.21-03.29.59:930][  0]LogRenderer: Reallocating scene render targets to support 1112x552 Format 10 NumSamples 1 (Frame:1).
[2019.02.21-03.30.00:590][  0]LogContentBrowser: Native class hierarchy updated for 'HierarchicalLODOutliner' in 0.0004 seconds. Added 0 classes and 0 folders.
[2019.02.21-03.30.00:590][  0]LogLoad: (Engine Initialization) Total time: 13.55 seconds
[2019.02.21-03.30.00:590][  0]LogLoad: (Engine Initialization) Total Blueprint compile time: 0.00 seconds
[2019.02.21-03.30.00:662][  0]LogContentStreaming: Texture pool size now 1000 MB
[2019.02.21-03.30.00:755][  2]LogAssetRegistry: Asset discovery search completed in 9.0916 seconds
[2019.02.21-03.30.00:757][  2]LogCollectionManager: Rebuilt the object cache for 0 collections in 0.000001 seconds (found 0 objects)
[2019.02.21-03.30.00:757][  2]LogCollectionManager: Fixed up redirectors for 0 collections in 0.000054 seconds (updated 0 objects)
[2019.02.21-03.30.14:383][162]LogEditorViewport: Clicking on Actor (LMB): StaticMeshActor (Floor)
[2019.02.21-03.30.18:117][243]Cmd: DELETE
[2019.02.21-03.30.18:117][243]Cmd: ACTOR DELETE
[2019.02.21-03.30.18:123][243]LogEditorActor: Deleted Actor: StaticMeshActor
[2019.02.21-03.30.18:166][243]LogEditorActor: Deleted 1 Actors (0.048 secs)
[2019.02.21-03.30.21:338][326]LogSlate: FSceneViewport::OnFocusLost() reason 0
[2019.02.21-03.30.31:487][607]LogEditorActor: Deleted Actor: BP_Sky_Sphere_C
[2019.02.21-03.30.31:520][607]LogEditorActor: Deleted 1 Actors (0.036 secs)
[2019.02.21-03.30.34:198][681]Cmd: TRANSACTION UNDO
[2019.02.21-03.30.34:198][681]LogEditorTransaction: Undo Delete selection
[2019.02.21-03.30.34:259][681]LogSlate: Took 0.000407 seconds to synchronously load lazily loaded font '../../../Engine/Content/Slate/Fonts/Roboto-Light.ttf' (167K)
[2019.02.21-03.30.55:012][793]LogWindows: Warning: CreateProc failed: 系统找不到指定的文件。 (0x00000002)
[2019.02.21-03.30.55:012][793]LogWindows: Warning: URL: C:/Program Files/Git/bin/git.exe version
[2019.02.21-03.30.55:012][793]LogWindows: Warning: CreateProc failed: 系统找不到指定的文件。 (0x00000002)
[2019.02.21-03.30.55:012][793]LogWindows: Warning: URL: C:/Program Files (x86)/Git/bin/git.exe version
[2019.02.21-03.30.55:013][793]LogWindows: Warning: CreateProc failed: 系统找不到指定的文件。 (0x00000002)
[2019.02.21-03.30.55:013][793]LogWindows: Warning: URL: C:\Users\zhang_000\AppData\Local/Programs/Git/cmd/git.exe version
[2019.02.21-03.30.55:013][793]LogWindows: Warning: CreateProc failed: 系统找不到指定的文件。 (0x00000002)
[2019.02.21-03.30.55:013][793]LogWindows: Warning: URL: C:/Program Files (x86)/SmartGit/git/bin/git.exe version
[2019.02.21-03.30.55:013][793]LogWindows: Warning: CreateProc failed: 系统找不到指定的文件。 (0x00000002)
[2019.02.21-03.30.55:013][793]LogWindows: Warning: URL: C:/Program Files (x86)/SmartGit/bin/git.exe version
[2019.02.21-03.30.55:014][793]LogWindows: Warning: CreateProc failed: 系统找不到指定的文件。 (0x00000002)
[2019.02.21-03.30.55:014][793]LogWindows: Warning: URL: C:\Users\zhang_000\AppData\Local/Atlassian/SourceTree/git_local/bin/git.exe version
[2019.02.21-03.30.55:014][793]LogWindows: Warning: CreateProc failed: 系统找不到指定的文件。 (0x00000002)
[2019.02.21-03.30.55:014][793]LogWindows: Warning: URL: C:/Program Files (x86)/fournova/Tower/vendor/Git/bin/git.exe version
[2019.02.21-03.40.00:874][694]Cmd: OBJ SAVEPACKAGE PACKAGE="/Temp/Untitled_1" FILE="../../../../../../paper_airplane/paper_airplane_proj/Saved/Autosaves/Temp/Untitled_1_Auto1.umap" SILENT=true AUTOSAVING=true KEEPDIRTY=false
[2019.02.21-03.40.00:913][694]LogSavePackage: Moving '../../../../../../paper_airplane/paper_airplane_proj/Saved/Untitled_1_Auto10ACA21C4412D49324CB1E6A62E5C43A3.tmp' to '../../../../../../paper_airplane/paper_airplane_proj/Saved/Autosaves/Temp/Untitled_1_Auto1.umap'
[2019.02.21-03.40.00:917][694]LogFileHelpers: Editor autosave (incl. sublevels) for '/Temp/Untitled_1' took 0.079
[2019.02.21-03.40.00:917][694]LogFileHelpers: Editor autosave (incl. sublevels) for all levels took 0.079
